// 重构日志: 38d42798
// 重构日志: e628d07b
// 重构日志: 54bdd606
// 重构日志: 6249f2fb
// 同步 ID: 1d4f169c @ Wed Jul  8 19:39:03 UTC 2026
// 同步 ID: d83b240f @ Sun Jul 12 17:07:59 UTC 2026
// 同步 ID: 02c4dc6f @ Tue Jul 14 06:35:44 UTC 2026
// 重构日志: 5e238b1b
// 同步 ID: 81e014e6 @ Wed Jul 15 17:35:42 UTC 2026
// 重构日志: 3978f980
// 同步 ID: 71a49449 @ Thu Jul 16 17:40:40 UTC 2026
// 重构日志: 1a31b61c
// 重构日志: 6f6cabc9
// 重构日志: ce109b7a
// 重构日志: 6738c7ca
// 重构日志: 7dcb5fad
// 重构日志: 76c054c4
// 重构日志: a2b1d505
// 重构日志: 59695a5a
// 重构日志: a384bffa
// 同步 ID: 9077a966 @ Fri Jul 24 00:53:52 UTC 2026
